<?xml version="1.0" encoding="UTF-8"?>
<!-- Generated by org.testng.reporters.JUnitXMLReporter -->
<testsuite ignored="0" hostname="LAPTOP-P8997V13" failures="1" tests="11" name="All Tests_Chrome" time="74.291" errors="0" timestamp="2025-07-23T19:08:31 IST">
  <testcase classname="testCases.TC01_registrationTestcase" name="Registration" time="3.521"/>
  <testcase classname="testCases.TC01_loginTestCase" name="loginTest" time="12.234">
    <skipped/>
  </testcase> <!-- loginTest -->
  <testcase classname="testCases.TC01_loginTestCase" name="loginTest" time="11.389">
    <failure type="java.lang.AssertionError" message="expected [true] but found [false]">
      <![CDATA[java.lang.AssertionError: expected [true] but found [false]
at testCases.TC01_loginTestCase.loginTest(TC01_loginTestCase.java:40)
at java.base/java.util.ArrayList.forEach(ArrayList.java:1511)
at java.base/java.util.concurrent.FutureTask.run(FutureTask.java:264)
at java.base/java.util.concurrent.ThreadPoolExecutor.runWorker(ThreadPoolExecutor.java:1136)
at java.base/java.util.concurrent.ThreadPoolExecutor$Worker.run(ThreadPoolExecutor.java:635)
at java.base/java.lang.Thread.run(Thread.java:840)
... Removed 21 stack frames]]>
    </failure>
  </testcase> <!-- loginTest -->
  <testcase classname="testCases.TC03_LoginDDT" name="Verify_LoginDDT" time="6.504"/>
  <testcase classname="testCases.TC03_LoginDDT" name="Verify_LoginDDT" time="1.742"/>
  <testcase classname="testCases.TC03_LoginDDT" name="Verify_LoginDDT" time="1.332"/>
  <testcase classname="testCases.TC03_LoginDDT" name="Verify_LoginDDT" time="1.81"/>
  <testcase classname="testCases.TC03_LoginDDT" name="Verify_LoginDDT" time="1.53"/>
  <testcase classname="testCases.TC03_LoginDDT" name="Verify_LoginDDT" time="1.297"/>
  <testcase classname="testCases.TC03_LoginDDT" name="Verify_LoginDDT" time="2.559"/>
  <testcase classname="testCases.TC03_LoginDDT" name="Verify_LoginDDT" time="5.694"/>
</testsuite> <!-- All Tests_Chrome -->
